<?xml version="1.0" encoding="UTF-8"?>
<!-- Generated by org.testng.reporters.JUnitReportReporter -->
<testsuite hostname="LAPTOP-6M04GBD6" failures="0" tests="1" name="qa.tests.SearchItem" time="25.349" errors="0" timestamp="2022-06-14T13:34:55 IST" skipped="0">
  <testcase classname="qa.tests.SearchItem" name="searchIpad" time="25.349"/>
  <system-out/>
</testsuite> <!-- qa.tests.SearchItem -->
